<?xml version="1.0" encoding="UTF-8"?>
<!-- Generated by org.testng.reporters.JUnitXMLReporter -->
<testsuite hostname="IQZNGLLT003" name="test1" tests="1" failures="1" timestamp="6 Feb 2021 15:15:41 GMT" time="13.121" errors="0">
  <testcase name="init" time="12.247" classname="Antony.SeleniumTest">
    <failure type="java.lang.AssertionError" message="expected [https://in.yahoo.com/?p=us1] but found [https://in.yahoo.com/?p=us]">
      <![CDATA[java.lang.AssertionError: expected [https://in.yahoo.com/?p=us1] but found [https://in.yahoo.com/?p=us]
	at Antony.SeleniumTest.init(SeleniumTest.java:66)
... Removed 29 stack frames]]>
    </failure>
  </testcase> <!-- init -->
</testsuite> <!-- test1 -->
